\BOOKMARK [0][-]{chapter.1}{\376\377\0001\000\040\000I\000n\000d\000i\000c\000e\000\040\000j\000e\000r\000\341\000r\000q\000u\000i\000c\000o}{}% 1
\BOOKMARK [1][-]{section.1.1}{\376\377\0001\000.\0001\000\040\000J\000e\000r\000a\000r\000q\000u\000\355\000a\000\040\000d\000e\000\040\000l\000a\000\040\000c\000l\000a\000s\000e}{chapter.1}% 2
\BOOKMARK [0][-]{chapter.2}{\376\377\0002\000\040\000\315\000n\000d\000i\000c\000e\000\040\000d\000e\000\040\000c\000l\000a\000s\000e\000s}{}% 3
\BOOKMARK [1][-]{section.2.1}{\376\377\0002\000.\0001\000\040\000L\000i\000s\000t\000a\000\040\000d\000e\000\040\000c\000l\000a\000s\000e\000s}{chapter.2}% 4
\BOOKMARK [0][-]{chapter.3}{\376\377\0003\000\040\000D\000o\000c\000u\000m\000e\000n\000t\000a\000c\000i\000\363\000n\000\040\000d\000e\000\040\000l\000a\000s\000\040\000c\000l\000a\000s\000e\000s}{}% 5
\BOOKMARK [1][-]{section.3.1}{\376\377\0003\000.\0001\000\040\000R\000e\000f\000e\000r\000e\000n\000c\000i\000a\000\040\000d\000e\000\040\000l\000a\000\040\000C\000l\000a\000s\000e\000\040\000e\000d\000u\000.\000a\000p\000p\000.\000s\000e\000r\000v\000e\000r\000.\000e\000r\000r\000o\000r\000.\000A\000p\000i\000E\000r\000r\000o\000r}{chapter.3}% 6
\BOOKMARK [2][-]{subsection.3.1.1}{\376\377\0003\000.\0001\000.\0001\000\040\000D\000e\000s\000c\000r\000i\000p\000c\000i\000\363\000n\000\040\000d\000e\000t\000a\000l\000l\000a\000d\000a}{section.3.1}% 7
\BOOKMARK [1][-]{section.3.2}{\376\377\0003\000.\0002\000\040\000R\000e\000f\000e\000r\000e\000n\000c\000i\000a\000\040\000d\000e\000\040\000l\000a\000\040\000C\000l\000a\000s\000e\000\040\000e\000d\000u\000.\000a\000p\000p\000.\000s\000e\000r\000v\000e\000r\000.\000m\000o\000d\000e\000l\000.\000A\000u\000t\000h\000o\000r\000i\000t\000y}{chapter.3}% 8
\BOOKMARK [2][-]{subsection.3.2.1}{\376\377\0003\000.\0002\000.\0001\000\040\000D\000e\000s\000c\000r\000i\000p\000c\000i\000\363\000n\000\040\000d\000e\000t\000a\000l\000l\000a\000d\000a}{section.3.2}% 9
\BOOKMARK [2][-]{subsection.3.2.2}{\376\377\0003\000.\0002\000.\0002\000\040\000D\000o\000c\000u\000m\000e\000n\000t\000a\000c\000i\000\363\000n\000\040\000d\000e\000l\000\040\000c\000o\000n\000s\000t\000r\000u\000c\000t\000o\000r\000\040\000y\000\040\000d\000e\000s\000t\000r\000u\000c\000t\000o\000r}{section.3.2}% 10
\BOOKMARK [3][-]{subsubsection.3.2.2.1}{\376\377\0003\000.\0002\000.\0002\000.\0001\000\040\000A\000u\000t\000h\000o\000r\000i\000t\000y\000\050\000\051}{subsection.3.2.2}% 11
\BOOKMARK [1][-]{section.3.3}{\376\377\0003\000.\0003\000\040\000R\000e\000f\000e\000r\000e\000n\000c\000i\000a\000\040\000d\000e\000\040\000l\000a\000\040\000I\000n\000t\000e\000r\000f\000a\000z\000\040\000e\000d\000u\000.\000a\000p\000p\000.\000s\000e\000r\000v\000e\000r\000.\000r\000e\000p\000o\000s\000i\000t\000o\000r\000y\000.\000A\000u\000t\000h\000o\000r\000i\000t\000y\000R\000e\000p\000o\000s\000i\000t\000o\000r\000y}{chapter.3}% 12
\BOOKMARK [2][-]{subsection.3.3.1}{\376\377\0003\000.\0003\000.\0001\000\040\000D\000e\000s\000c\000r\000i\000p\000c\000i\000\363\000n\000\040\000d\000e\000t\000a\000l\000l\000a\000d\000a}{section.3.3}% 13
\BOOKMARK [2][-]{subsection.3.3.2}{\376\377\0003\000.\0003\000.\0002\000\040\000D\000o\000c\000u\000m\000e\000n\000t\000a\000c\000i\000\363\000n\000\040\000d\000e\000\040\000l\000a\000s\000\040\000f\000u\000n\000c\000i\000o\000n\000e\000s\000\040\000m\000i\000e\000m\000b\000r\000o}{section.3.3}% 14
\BOOKMARK [3][-]{subsubsection.3.3.2.1}{\376\377\0003\000.\0003\000.\0002\000.\0001\000\040\000f\000i\000n\000d\000B\000y\000A\000u\000t\000h\000o\000r\000i\000t\000y\000\050\000\051}{subsection.3.3.2}% 15
\BOOKMARK [1][-]{section.3.4}{\376\377\0003\000.\0004\000\040\000R\000e\000f\000e\000r\000e\000n\000c\000i\000a\000\040\000d\000e\000\040\000l\000a\000\040\000C\000l\000a\000s\000e\000\040\000e\000d\000u\000.\000a\000p\000p\000.\000s\000e\000r\000v\000e\000r\000.\000r\000e\000p\000o\000s\000i\000t\000o\000r\000y\000.\000A\000u\000t\000h\000o\000r\000i\000t\000y\000R\000e\000p\000o\000s\000i\000t\000o\000r\000y\000T\000e\000s\000t}{chapter.3}% 16
\BOOKMARK [1][-]{section.3.5}{\376\377\0003\000.\0005\000\040\000R\000e\000f\000e\000r\000e\000n\000c\000i\000a\000\040\000d\000e\000\040\000l\000a\000\040\000C\000l\000a\000s\000e\000\040\000e\000d\000u\000.\000a\000p\000p\000.\000s\000e\000r\000v\000e\000r\000.\000c\000o\000n\000t\000r\000o\000l\000l\000e\000r\000.\000A\000u\000t\000h\000o\000r\000i\000t\000y\000R\000e\000s\000t\000C\000o\000n\000t\000r\000o\000l\000l\000e\000r}{chapter.3}% 17
\BOOKMARK [2][-]{subsection.3.5.1}{\376\377\0003\000.\0005\000.\0001\000\040\000D\000e\000s\000c\000r\000i\000p\000c\000i\000\363\000n\000\040\000d\000e\000t\000a\000l\000l\000a\000d\000a}{section.3.5}% 18
\BOOKMARK [2][-]{subsection.3.5.2}{\376\377\0003\000.\0005\000.\0002\000\040\000D\000o\000c\000u\000m\000e\000n\000t\000a\000c\000i\000\363\000n\000\040\000d\000e\000l\000\040\000c\000o\000n\000s\000t\000r\000u\000c\000t\000o\000r\000\040\000y\000\040\000d\000e\000s\000t\000r\000u\000c\000t\000o\000r}{section.3.5}% 19
\BOOKMARK [3][-]{subsubsection.3.5.2.1}{\376\377\0003\000.\0005\000.\0002\000.\0001\000\040\000A\000u\000t\000h\000o\000r\000i\000t\000y\000R\000e\000s\000t\000C\000o\000n\000t\000r\000o\000l\000l\000e\000r\000\050\000\051}{subsection.3.5.2}% 20
\BOOKMARK [2][-]{subsection.3.5.3}{\376\377\0003\000.\0005\000.\0003\000\040\000D\000o\000c\000u\000m\000e\000n\000t\000a\000c\000i\000\363\000n\000\040\000d\000e\000\040\000l\000a\000s\000\040\000f\000u\000n\000c\000i\000o\000n\000e\000s\000\040\000m\000i\000e\000m\000b\000r\000o}{section.3.5}% 21
\BOOKMARK [3][-]{subsubsection.3.5.3.1}{\376\377\0003\000.\0005\000.\0003\000.\0001\000\040\000d\000e\000l\000e\000t\000e\000O\000n\000e\000\050\000\051}{subsection.3.5.3}% 22
\BOOKMARK [3][-]{subsubsection.3.5.3.2}{\376\377\0003\000.\0005\000.\0003\000.\0002\000\040\000f\000i\000n\000d\000O\000n\000e\000\050\000\051}{subsection.3.5.3}% 23
\BOOKMARK [3][-]{subsubsection.3.5.3.3}{\376\377\0003\000.\0005\000.\0003\000.\0003\000\040\000g\000e\000t\000A\000l\000l\000\050\000\051}{subsection.3.5.3}% 24
\BOOKMARK [3][-]{subsubsection.3.5.3.4}{\376\377\0003\000.\0005\000.\0003\000.\0004\000\040\000n\000e\000w\000A\000u\000t\000h\000o\000r\000i\000t\000y\000\050\000\051}{subsection.3.5.3}% 25
\BOOKMARK [1][-]{section.3.6}{\376\377\0003\000.\0006\000\040\000R\000e\000f\000e\000r\000e\000n\000c\000i\000a\000\040\000d\000e\000\040\000l\000a\000\040\000C\000l\000a\000s\000e\000\040\000e\000d\000u\000.\000a\000p\000p\000.\000s\000e\000r\000v\000e\000r\000.\000c\000o\000n\000t\000r\000o\000l\000l\000e\000r\000.\000A\000u\000t\000h\000o\000r\000i\000t\000y\000R\000e\000s\000t\000C\000o\000n\000t\000r\000o\000l\000l\000e\000r\000T\000e\000s\000t}{chapter.3}% 26
\BOOKMARK [1][-]{section.3.7}{\376\377\0003\000.\0007\000\040\000R\000e\000f\000e\000r\000e\000n\000c\000i\000a\000\040\000d\000e\000\040\000l\000a\000\040\000C\000l\000a\000s\000e\000\040\000e\000d\000u\000.\000a\000p\000p\000.\000s\000e\000r\000v\000e\000r\000.\000s\000e\000r\000v\000i\000c\000e\000.\000A\000u\000t\000h\000o\000r\000i\000t\000y\000S\000e\000r\000v\000i\000c\000e}{chapter.3}% 27
\BOOKMARK [2][-]{subsection.3.7.1}{\376\377\0003\000.\0007\000.\0001\000\040\000D\000e\000s\000c\000r\000i\000p\000c\000i\000\363\000n\000\040\000d\000e\000t\000a\000l\000l\000a\000d\000a}{section.3.7}% 28
\BOOKMARK [2][-]{subsection.3.7.2}{\376\377\0003\000.\0007\000.\0002\000\040\000D\000o\000c\000u\000m\000e\000n\000t\000a\000c\000i\000\363\000n\000\040\000d\000e\000l\000\040\000c\000o\000n\000s\000t\000r\000u\000c\000t\000o\000r\000\040\000y\000\040\000d\000e\000s\000t\000r\000u\000c\000t\000o\000r}{section.3.7}% 29
\BOOKMARK [3][-]{subsubsection.3.7.2.1}{\376\377\0003\000.\0007\000.\0002\000.\0001\000\040\000A\000u\000t\000h\000o\000r\000i\000t\000y\000S\000e\000r\000v\000i\000c\000e\000\050\000\051}{subsection.3.7.2}% 30
\BOOKMARK [2][-]{subsection.3.7.3}{\376\377\0003\000.\0007\000.\0003\000\040\000D\000o\000c\000u\000m\000e\000n\000t\000a\000c\000i\000\363\000n\000\040\000d\000e\000\040\000l\000a\000s\000\040\000f\000u\000n\000c\000i\000o\000n\000e\000s\000\040\000m\000i\000e\000m\000b\000r\000o}{section.3.7}% 31
\BOOKMARK [3][-]{subsubsection.3.7.3.1}{\376\377\0003\000.\0007\000.\0003\000.\0001\000\040\000d\000e\000l\000e\000t\000e\000A\000u\000t\000h\000o\000r\000i\000t\000y\000\050\000\051}{subsection.3.7.3}% 32
\BOOKMARK [3][-]{subsubsection.3.7.3.2}{\376\377\0003\000.\0007\000.\0003\000.\0002\000\040\000g\000e\000t\000A\000l\000l\000A\000u\000t\000h\000o\000r\000i\000t\000i\000e\000s\000\050\000\051}{subsection.3.7.3}% 33
\BOOKMARK [3][-]{subsubsection.3.7.3.3}{\376\377\0003\000.\0007\000.\0003\000.\0003\000\040\000g\000e\000t\000B\000y\000I\000d\000\050\000\051}{subsection.3.7.3}% 34
\BOOKMARK [3][-]{subsubsection.3.7.3.4}{\376\377\0003\000.\0007\000.\0003\000.\0004\000\040\000g\000e\000t\000B\000y\000N\000a\000m\000e\000\050\000\051}{subsection.3.7.3}% 35
\BOOKMARK [3][-]{subsubsection.3.7.3.5}{\376\377\0003\000.\0007\000.\0003\000.\0005\000\040\000s\000a\000v\000e\000A\000u\000t\000h\000o\000r\000i\000t\000y\000\050\000\051}{subsection.3.7.3}% 36
\BOOKMARK [3][-]{subsubsection.3.7.3.6}{\376\377\0003\000.\0007\000.\0003\000.\0006\000\040\000u\000p\000d\000a\000t\000e\000A\000u\000t\000h\000o\000r\000i\000t\000y\000\050\000\051}{subsection.3.7.3}% 37
\BOOKMARK [1][-]{section.3.8}{\376\377\0003\000.\0008\000\040\000R\000e\000f\000e\000r\000e\000n\000c\000i\000a\000\040\000d\000e\000\040\000l\000a\000\040\000C\000l\000a\000s\000e\000\040\000e\000d\000u\000.\000a\000p\000p\000.\000s\000e\000r\000v\000e\000r\000.\000s\000e\000r\000v\000i\000c\000e\000.\000A\000u\000t\000h\000o\000r\000i\000t\000y\000S\000e\000r\000v\000i\000c\000e\000T\000e\000s\000t}{chapter.3}% 38
\BOOKMARK [1][-]{section.3.9}{\376\377\0003\000.\0009\000\040\000R\000e\000f\000e\000r\000e\000n\000c\000i\000a\000\040\000d\000e\000\040\000l\000a\000\040\000C\000l\000a\000s\000e\000\040\000e\000d\000u\000.\000a\000p\000p\000.\000s\000e\000r\000v\000e\000r\000.\000m\000o\000d\000e\000l\000.\000A\000u\000t\000h\000o\000r\000i\000t\000y\000T\000e\000s\000t}{chapter.3}% 39
\BOOKMARK [1][-]{section.3.10}{\376\377\0003\000.\0001\0000\000\040\000R\000e\000f\000e\000r\000e\000n\000c\000i\000a\000\040\000d\000e\000\040\000l\000a\000\040\000C\000l\000a\000s\000e\000\040\000e\000d\000u\000.\000a\000p\000p\000.\000s\000e\000r\000v\000e\000r\000.\000c\000o\000n\000f\000i\000g\000.\000C\000o\000n\000s\000t\000a\000n\000t\000s}{chapter.3}% 40
\BOOKMARK [1][-]{section.3.11}{\376\377\0003\000.\0001\0001\000\040\000R\000e\000f\000e\000r\000e\000n\000c\000i\000a\000\040\000d\000e\000\040\000l\000a\000\040\000C\000l\000a\000s\000e\000\040\000e\000d\000u\000.\000a\000p\000p\000.\000s\000e\000r\000v\000e\000r\000.\000u\000t\000i\000l\000s\000.\000D\000a\000t\000e\000T\000i\000m\000e\000T\000e\000s\000t}{chapter.3}% 41
\BOOKMARK [1][-]{section.3.12}{\376\377\0003\000.\0001\0002\000\040\000R\000e\000f\000e\000r\000e\000n\000c\000i\000a\000\040\000d\000e\000\040\000l\000a\000\040\000C\000l\000a\000s\000e\000\040\000e\000d\000u\000.\000a\000p\000p\000.\000s\000e\000r\000v\000e\000r\000.\000e\000r\000r\000o\000r\000.\000E\000r\000r\000o\000r\000R\000e\000s\000t\000C\000o\000n\000t\000r\000o\000l\000l\000e\000r}{chapter.3}% 42
\BOOKMARK [2][-]{subsection.3.12.1}{\376\377\0003\000.\0001\0002\000.\0001\000\040\000D\000e\000s\000c\000r\000i\000p\000c\000i\000\363\000n\000\040\000d\000e\000t\000a\000l\000l\000a\000d\000a}{section.3.12}% 43
\BOOKMARK [2][-]{subsection.3.12.2}{\376\377\0003\000.\0001\0002\000.\0002\000\040\000D\000o\000c\000u\000m\000e\000n\000t\000a\000c\000i\000\363\000n\000\040\000d\000e\000\040\000l\000a\000s\000\040\000f\000u\000n\000c\000i\000o\000n\000e\000s\000\040\000m\000i\000e\000m\000b\000r\000o}{section.3.12}% 44
\BOOKMARK [3][-]{subsubsection.3.12.2.1}{\376\377\0003\000.\0001\0002\000.\0002\000.\0001\000\040\000h\000a\000n\000d\000l\000e\000C\000o\000n\000s\000t\000r\000a\000i\000n\000t\000V\000i\000o\000l\000a\000t\000i\000o\000n\000\050\000\051}{subsection.3.12.2}% 45
\BOOKMARK [1][-]{section.3.13}{\376\377\0003\000.\0001\0003\000\040\000R\000e\000f\000e\000r\000e\000n\000c\000i\000a\000\040\000d\000e\000\040\000l\000a\000\040\000C\000l\000a\000s\000e\000\040\000e\000d\000u\000.\000a\000p\000p\000.\000s\000e\000r\000v\000e\000r\000.\000m\000o\000d\000e\000l\000.\000G\000r\000o\000u\000p\000T\000a\000s\000k}{chapter.3}% 46
\BOOKMARK [2][-]{subsection.3.13.1}{\376\377\0003\000.\0001\0003\000.\0001\000\040\000D\000e\000s\000c\000r\000i\000p\000c\000i\000\363\000n\000\040\000d\000e\000t\000a\000l\000l\000a\000d\000a}{section.3.13}% 47
\BOOKMARK [1][-]{section.3.14}{\376\377\0003\000.\0001\0004\000\040\000R\000e\000f\000e\000r\000e\000n\000c\000i\000a\000\040\000d\000e\000\040\000l\000a\000\040\000I\000n\000t\000e\000r\000f\000a\000z\000\040\000e\000d\000u\000.\000a\000p\000p\000.\000s\000e\000r\000v\000e\000r\000.\000r\000e\000p\000o\000s\000i\000t\000o\000r\000y\000.\000G\000r\000o\000u\000p\000T\000a\000s\000k\000R\000e\000p\000o\000s\000i\000t\000o\000r\000y}{chapter.3}% 48
\BOOKMARK [2][-]{subsection.3.14.1}{\376\377\0003\000.\0001\0004\000.\0001\000\040\000D\000e\000s\000c\000r\000i\000p\000c\000i\000\363\000n\000\040\000d\000e\000t\000a\000l\000l\000a\000d\000a}{section.3.14}% 49
\BOOKMARK [2][-]{subsection.3.14.2}{\376\377\0003\000.\0001\0004\000.\0002\000\040\000D\000o\000c\000u\000m\000e\000n\000t\000a\000c\000i\000\363\000n\000\040\000d\000e\000\040\000l\000a\000s\000\040\000f\000u\000n\000c\000i\000o\000n\000e\000s\000\040\000m\000i\000e\000m\000b\000r\000o}{section.3.14}% 50
\BOOKMARK [3][-]{subsubsection.3.14.2.1}{\376\377\0003\000.\0001\0004\000.\0002\000.\0001\000\040\000f\000i\000n\000d\000B\000y\000N\000a\000m\000e\000\050\000\051}{subsection.3.14.2}% 51
\BOOKMARK [3][-]{subsubsection.3.14.2.2}{\376\377\0003\000.\0001\0004\000.\0002\000.\0002\000\040\000g\000e\000t\000B\000y\000I\000d\000\050\000\051}{subsection.3.14.2}% 52
\BOOKMARK [1][-]{section.3.15}{\376\377\0003\000.\0001\0005\000\040\000R\000e\000f\000e\000r\000e\000n\000c\000i\000a\000\040\000d\000e\000\040\000l\000a\000\040\000C\000l\000a\000s\000e\000\040\000e\000d\000u\000.\000a\000p\000p\000.\000s\000e\000r\000v\000e\000r\000.\000r\000e\000p\000o\000s\000i\000t\000o\000r\000y\000.\000G\000r\000o\000u\000p\000T\000a\000s\000k\000R\000e\000p\000o\000s\000i\000t\000o\000r\000y\000T\000e\000s\000t}{chapter.3}% 53
\BOOKMARK [1][-]{section.3.16}{\376\377\0003\000.\0001\0006\000\040\000R\000e\000f\000e\000r\000e\000n\000c\000i\000a\000\040\000d\000e\000\040\000l\000a\000\040\000C\000l\000a\000s\000e\000\040\000e\000d\000u\000.\000a\000p\000p\000.\000s\000e\000r\000v\000e\000r\000.\000c\000o\000n\000t\000r\000o\000l\000l\000e\000r\000.\000G\000r\000o\000u\000p\000T\000a\000s\000k\000R\000e\000s\000t\000C\000o\000n\000t\000r\000o\000l\000l\000e\000r}{chapter.3}% 54
\BOOKMARK [2][-]{subsection.3.16.1}{\376\377\0003\000.\0001\0006\000.\0001\000\040\000D\000e\000s\000c\000r\000i\000p\000c\000i\000\363\000n\000\040\000d\000e\000t\000a\000l\000l\000a\000d\000a}{section.3.16}% 55
\BOOKMARK [2][-]{subsection.3.16.2}{\376\377\0003\000.\0001\0006\000.\0002\000\040\000D\000o\000c\000u\000m\000e\000n\000t\000a\000c\000i\000\363\000n\000\040\000d\000e\000l\000\040\000c\000o\000n\000s\000t\000r\000u\000c\000t\000o\000r\000\040\000y\000\040\000d\000e\000s\000t\000r\000u\000c\000t\000o\000r}{section.3.16}% 56
\BOOKMARK [3][-]{subsubsection.3.16.2.1}{\376\377\0003\000.\0001\0006\000.\0002\000.\0001\000\040\000G\000r\000o\000u\000p\000T\000a\000s\000k\000R\000e\000s\000t\000C\000o\000n\000t\000r\000o\000l\000l\000e\000r\000\050\000\051}{subsection.3.16.2}% 57
\BOOKMARK [2][-]{subsection.3.16.3}{\376\377\0003\000.\0001\0006\000.\0003\000\040\000D\000o\000c\000u\000m\000e\000n\000t\000a\000c\000i\000\363\000n\000\040\000d\000e\000\040\000l\000a\000s\000\040\000f\000u\000n\000c\000i\000o\000n\000e\000s\000\040\000m\000i\000e\000m\000b\000r\000o}{section.3.16}% 58
\BOOKMARK [3][-]{subsubsection.3.16.3.1}{\376\377\0003\000.\0001\0006\000.\0003\000.\0001\000\040\000d\000e\000l\000e\000t\000e\000O\000n\000e\000\050\000\051}{subsection.3.16.3}% 59
\BOOKMARK [3][-]{subsubsection.3.16.3.2}{\376\377\0003\000.\0001\0006\000.\0003\000.\0002\000\040\000f\000i\000n\000d\000A\000l\000l\000\050\000\051}{subsection.3.16.3}% 60
\BOOKMARK [3][-]{subsubsection.3.16.3.3}{\376\377\0003\000.\0001\0006\000.\0003\000.\0003\000\040\000f\000i\000n\000d\000O\000n\000e\000\050\000\051}{subsection.3.16.3}% 61
\BOOKMARK [3][-]{subsubsection.3.16.3.4}{\376\377\0003\000.\0001\0006\000.\0003\000.\0004\000\040\000n\000e\000w\000G\000r\000o\000u\000p\000T\000a\000s\000k\000\050\000\051}{subsection.3.16.3}% 62
\BOOKMARK [1][-]{section.3.17}{\376\377\0003\000.\0001\0007\000\040\000R\000e\000f\000e\000r\000e\000n\000c\000i\000a\000\040\000d\000e\000\040\000l\000a\000\040\000C\000l\000a\000s\000e\000\040\000e\000d\000u\000.\000a\000p\000p\000.\000s\000e\000r\000v\000e\000r\000.\000c\000o\000n\000t\000r\000o\000l\000l\000e\000r\000.\000G\000r\000o\000u\000p\000T\000a\000s\000k\000R\000e\000s\000t\000C\000o\000n\000t\000r\000o\000l\000l\000e\000r\000T\000e\000s\000t}{chapter.3}% 63
\BOOKMARK [1][-]{section.3.18}{\376\377\0003\000.\0001\0008\000\040\000R\000e\000f\000e\000r\000e\000n\000c\000i\000a\000\040\000d\000e\000\040\000l\000a\000\040\000C\000l\000a\000s\000e\000\040\000e\000d\000u\000.\000a\000p\000p\000.\000s\000e\000r\000v\000e\000r\000.\000s\000e\000r\000v\000i\000c\000e\000.\000G\000r\000o\000u\000p\000T\000a\000s\000k\000S\000e\000r\000v\000i\000c\000e}{chapter.3}% 64
\BOOKMARK [2][-]{subsection.3.18.1}{\376\377\0003\000.\0001\0008\000.\0001\000\040\000D\000e\000s\000c\000r\000i\000p\000c\000i\000\363\000n\000\040\000d\000e\000t\000a\000l\000l\000a\000d\000a}{section.3.18}% 65
\BOOKMARK [2][-]{subsection.3.18.2}{\376\377\0003\000.\0001\0008\000.\0002\000\040\000D\000o\000c\000u\000m\000e\000n\000t\000a\000c\000i\000\363\000n\000\040\000d\000e\000l\000\040\000c\000o\000n\000s\000t\000r\000u\000c\000t\000o\000r\000\040\000y\000\040\000d\000e\000s\000t\000r\000u\000c\000t\000o\000r}{section.3.18}% 66
\BOOKMARK [3][-]{subsubsection.3.18.2.1}{\376\377\0003\000.\0001\0008\000.\0002\000.\0001\000\040\000G\000r\000o\000u\000p\000T\000a\000s\000k\000S\000e\000r\000v\000i\000c\000e\000\050\000\051}{subsection.3.18.2}% 67
\BOOKMARK [2][-]{subsection.3.18.3}{\376\377\0003\000.\0001\0008\000.\0003\000\040\000D\000o\000c\000u\000m\000e\000n\000t\000a\000c\000i\000\363\000n\000\040\000d\000e\000\040\000l\000a\000s\000\040\000f\000u\000n\000c\000i\000o\000n\000e\000s\000\040\000m\000i\000e\000m\000b\000r\000o}{section.3.18}% 68
\BOOKMARK [3][-]{subsubsection.3.18.3.1}{\376\377\0003\000.\0001\0008\000.\0003\000.\0001\000\040\000d\000e\000l\000e\000t\000e\000G\000r\000o\000u\000p\000T\000a\000s\000k\000\050\000\051}{subsection.3.18.3}% 69
\BOOKMARK [3][-]{subsubsection.3.18.3.2}{\376\377\0003\000.\0001\0008\000.\0003\000.\0002\000\040\000g\000e\000t\000A\000l\000l\000G\000r\000o\000u\000p\000T\000a\000s\000k\000\050\000\051}{subsection.3.18.3}% 70
\BOOKMARK [3][-]{subsubsection.3.18.3.3}{\376\377\0003\000.\0001\0008\000.\0003\000.\0003\000\040\000g\000e\000t\000B\000y\000I\000d\000\050\000\051}{subsection.3.18.3}% 71
\BOOKMARK [3][-]{subsubsection.3.18.3.4}{\376\377\0003\000.\0001\0008\000.\0003\000.\0004\000\040\000g\000e\000t\000B\000y\000N\000a\000m\000e\000\050\000\051}{subsection.3.18.3}% 72
\BOOKMARK [3][-]{subsubsection.3.18.3.5}{\376\377\0003\000.\0001\0008\000.\0003\000.\0005\000\040\000s\000a\000v\000e\000G\000r\000o\000u\000p\000T\000a\000s\000k\000\050\000\051}{subsection.3.18.3}% 73
\BOOKMARK [3][-]{subsubsection.3.18.3.6}{\376\377\0003\000.\0001\0008\000.\0003\000.\0006\000\040\000u\000p\000d\000a\000t\000e\000G\000r\000o\000u\000p\000T\000a\000s\000k\000\050\000\051}{subsection.3.18.3}% 74
\BOOKMARK [1][-]{section.3.19}{\376\377\0003\000.\0001\0009\000\040\000R\000e\000f\000e\000r\000e\000n\000c\000i\000a\000\040\000d\000e\000\040\000l\000a\000\040\000C\000l\000a\000s\000e\000\040\000e\000d\000u\000.\000a\000p\000p\000.\000s\000e\000r\000v\000e\000r\000.\000s\000e\000r\000v\000i\000c\000e\000.\000G\000r\000o\000u\000p\000T\000a\000s\000k\000S\000e\000r\000v\000i\000c\000e\000T\000e\000s\000t}{chapter.3}% 75
\BOOKMARK [1][-]{section.3.20}{\376\377\0003\000.\0002\0000\000\040\000R\000e\000f\000e\000r\000e\000n\000c\000i\000a\000\040\000d\000e\000\040\000l\000a\000\040\000C\000l\000a\000s\000e\000\040\000e\000d\000u\000.\000a\000p\000p\000.\000s\000e\000r\000v\000e\000r\000.\000m\000o\000d\000e\000l\000.\000G\000r\000o\000u\000p\000T\000a\000s\000k\000T\000e\000s\000t}{chapter.3}% 76
\BOOKMARK [1][-]{section.3.21}{\376\377\0003\000.\0002\0001\000\040\000R\000e\000f\000e\000r\000e\000n\000c\000i\000a\000\040\000d\000e\000\040\000l\000a\000\040\000C\000l\000a\000s\000e\000\040\000e\000d\000u\000.\000a\000p\000p\000.\000s\000e\000r\000v\000e\000r\000.\000c\000o\000n\000f\000i\000g\000.\000J\000W\000T\000A\000u\000t\000h\000e\000n\000t\000i\000c\000a\000t\000i\000o\000n\000F\000i\000l\000t\000e\000r}{chapter.3}% 77
\BOOKMARK [2][-]{subsection.3.21.1}{\376\377\0003\000.\0002\0001\000.\0001\000\040\000D\000o\000c\000u\000m\000e\000n\000t\000a\000c\000i\000\363\000n\000\040\000d\000e\000\040\000l\000a\000s\000\040\000f\000u\000n\000c\000i\000o\000n\000e\000s\000\040\000m\000i\000e\000m\000b\000r\000o}{section.3.21}% 78
\BOOKMARK [3][-]{subsubsection.3.21.1.1}{\376\377\0003\000.\0002\0001\000.\0001\000.\0001\000\040\000a\000t\000t\000e\000m\000p\000t\000A\000u\000t\000h\000e\000n\000t\000i\000c\000a\000t\000i\000o\000n\000\050\000\051}{subsection.3.21.1}% 79
\BOOKMARK [1][-]{section.3.22}{\376\377\0003\000.\0002\0002\000\040\000R\000e\000f\000e\000r\000e\000n\000c\000i\000a\000\040\000d\000e\000\040\000l\000a\000\040\000C\000l\000a\000s\000e\000\040\000e\000d\000u\000.\000a\000p\000p\000.\000s\000e\000r\000v\000e\000r\000.\000c\000o\000n\000f\000i\000g\000.\000J\000W\000T\000A\000u\000t\000h\000o\000r\000i\000z\000a\000t\000i\000o\000n\000F\000i\000l\000t\000e\000r}{chapter.3}% 80
\BOOKMARK [1][-]{section.3.23}{\376\377\0003\000.\0002\0003\000\040\000R\000e\000f\000e\000r\000e\000n\000c\000i\000a\000\040\000d\000e\000\040\000l\000a\000\040\000C\000l\000a\000s\000e\000\040\000e\000d\000u\000.\000a\000p\000p\000.\000s\000e\000r\000v\000e\000r\000.\000m\000o\000d\000e\000l\000.\000N\000o\000n\000P\000e\000r\000i\000o\000d\000i\000c\000T\000a\000s\000k}{chapter.3}% 81
\BOOKMARK [2][-]{subsection.3.23.1}{\376\377\0003\000.\0002\0003\000.\0001\000\040\000D\000e\000s\000c\000r\000i\000p\000c\000i\000\363\000n\000\040\000d\000e\000t\000a\000l\000l\000a\000d\000a}{section.3.23}% 82
\BOOKMARK [1][-]{section.3.24}{\376\377\0003\000.\0002\0004\000\040\000R\000e\000f\000e\000r\000e\000n\000c\000i\000a\000\040\000d\000e\000\040\000l\000a\000\040\000I\000n\000t\000e\000r\000f\000a\000z\000\040\000e\000d\000u\000.\000a\000p\000p\000.\000s\000e\000r\000v\000e\000r\000.\000r\000e\000p\000o\000s\000i\000t\000o\000r\000y\000.\000N\000o\000n\000P\000e\000r\000i\000o\000d\000i\000c\000T\000a\000s\000k\000R\000e\000p\000o\000s\000i\000t\000o\000r\000y}{chapter.3}% 83
\BOOKMARK [2][-]{subsection.3.24.1}{\376\377\0003\000.\0002\0004\000.\0001\000\040\000D\000e\000s\000c\000r\000i\000p\000c\000i\000\363\000n\000\040\000d\000e\000t\000a\000l\000l\000a\000d\000a}{section.3.24}% 84
\BOOKMARK [2][-]{subsection.3.24.2}{\376\377\0003\000.\0002\0004\000.\0002\000\040\000D\000o\000c\000u\000m\000e\000n\000t\000a\000c\000i\000\363\000n\000\040\000d\000e\000\040\000l\000a\000s\000\040\000f\000u\000n\000c\000i\000o\000n\000e\000s\000\040\000m\000i\000e\000m\000b\000r\000o}{section.3.24}% 85
\BOOKMARK [3][-]{subsubsection.3.24.2.1}{\376\377\0003\000.\0002\0004\000.\0002\000.\0001\000\040\000f\000i\000n\000d\000B\000y\000N\000a\000m\000e\000\050\000\051}{subsection.3.24.2}% 86
\BOOKMARK [3][-]{subsubsection.3.24.2.2}{\376\377\0003\000.\0002\0004\000.\0002\000.\0002\000\040\000g\000e\000t\000B\000y\000I\000d\000\050\000\051}{subsection.3.24.2}% 87
\BOOKMARK [1][-]{section.3.25}{\376\377\0003\000.\0002\0005\000\040\000R\000e\000f\000e\000r\000e\000n\000c\000i\000a\000\040\000d\000e\000\040\000l\000a\000\040\000C\000l\000a\000s\000e\000\040\000e\000d\000u\000.\000a\000p\000p\000.\000s\000e\000r\000v\000e\000r\000.\000r\000e\000p\000o\000s\000i\000t\000o\000r\000y\000.\000N\000o\000n\000P\000e\000r\000i\000o\000d\000i\000c\000T\000a\000s\000k\000R\000e\000p\000o\000s\000i\000t\000o\000r\000y\000T\000e\000s\000t}{chapter.3}% 88
\BOOKMARK [1][-]{section.3.26}{\376\377\0003\000.\0002\0006\000\040\000R\000e\000f\000e\000r\000e\000n\000c\000i\000a\000\040\000d\000e\000\040\000l\000a\000\040\000C\000l\000a\000s\000e\000\040\000e\000d\000u\000.\000a\000p\000p\000.\000s\000e\000r\000v\000e\000r\000.\000c\000o\000n\000t\000r\000o\000l\000l\000e\000r\000.\000N\000o\000n\000P\000e\000r\000i\000o\000d\000i\000c\000T\000a\000s\000k\000R\000e\000s\000t\000C\000o\000n\000t\000r\000o\000l\000l\000e\000r}{chapter.3}% 89
\BOOKMARK [2][-]{subsection.3.26.1}{\376\377\0003\000.\0002\0006\000.\0001\000\040\000D\000e\000s\000c\000r\000i\000p\000c\000i\000\363\000n\000\040\000d\000e\000t\000a\000l\000l\000a\000d\000a}{section.3.26}% 90
\BOOKMARK [2][-]{subsection.3.26.2}{\376\377\0003\000.\0002\0006\000.\0002\000\040\000D\000o\000c\000u\000m\000e\000n\000t\000a\000c\000i\000\363\000n\000\040\000d\000e\000l\000\040\000c\000o\000n\000s\000t\000r\000u\000c\000t\000o\000r\000\040\000y\000\040\000d\000e\000s\000t\000r\000u\000c\000t\000o\000r}{section.3.26}% 91
\BOOKMARK [3][-]{subsubsection.3.26.2.1}{\376\377\0003\000.\0002\0006\000.\0002\000.\0001\000\040\000N\000o\000n\000P\000e\000r\000i\000o\000d\000i\000c\000T\000a\000s\000k\000R\000e\000s\000t\000C\000o\000n\000t\000r\000o\000l\000l\000e\000r\000\050\000\051}{subsection.3.26.2}% 92
\BOOKMARK [2][-]{subsection.3.26.3}{\376\377\0003\000.\0002\0006\000.\0003\000\040\000D\000o\000c\000u\000m\000e\000n\000t\000a\000c\000i\000\363\000n\000\040\000d\000e\000\040\000l\000a\000s\000\040\000f\000u\000n\000c\000i\000o\000n\000e\000s\000\040\000m\000i\000e\000m\000b\000r\000o}{section.3.26}% 93
\BOOKMARK [3][-]{subsubsection.3.26.3.1}{\376\377\0003\000.\0002\0006\000.\0003\000.\0001\000\040\000d\000e\000l\000e\000t\000e\000O\000n\000e\000\050\000\051}{subsection.3.26.3}% 94
\BOOKMARK [3][-]{subsubsection.3.26.3.2}{\376\377\0003\000.\0002\0006\000.\0003\000.\0002\000\040\000f\000i\000n\000d\000A\000l\000l\000\050\000\051}{subsection.3.26.3}% 95
\BOOKMARK [3][-]{subsubsection.3.26.3.3}{\376\377\0003\000.\0002\0006\000.\0003\000.\0003\000\040\000f\000i\000n\000d\000O\000n\000e\000\050\000\051}{subsection.3.26.3}% 96
\BOOKMARK [3][-]{subsubsection.3.26.3.4}{\376\377\0003\000.\0002\0006\000.\0003\000.\0004\000\040\000n\000e\000w\000N\000o\000n\000P\000e\000r\000i\000o\000d\000i\000c\000T\000a\000s\000k\000\050\000\051}{subsection.3.26.3}% 97
\BOOKMARK [1][-]{section.3.27}{\376\377\0003\000.\0002\0007\000\040\000R\000e\000f\000e\000r\000e\000n\000c\000i\000a\000\040\000d\000e\000\040\000l\000a\000\040\000C\000l\000a\000s\000e\000\040\000e\000d\000u\000.\000a\000p\000p\000.\000s\000e\000r\000v\000e\000r\000.\000c\000o\000n\000t\000r\000o\000l\000l\000e\000r\000.\000N\000o\000n\000P\000e\000r\000i\000o\000d\000i\000c\000T\000a\000s\000k\000R\000e\000s\000t\000C\000o\000n\000t\000r\000o\000l\000l\000e\000r\000T\000e\000s\000t}{chapter.3}% 98
\BOOKMARK [1][-]{section.3.28}{\376\377\0003\000.\0002\0008\000\040\000R\000e\000f\000e\000r\000e\000n\000c\000i\000a\000\040\000d\000e\000\040\000l\000a\000\040\000C\000l\000a\000s\000e\000\040\000e\000d\000u\000.\000a\000p\000p\000.\000s\000e\000r\000v\000e\000r\000.\000s\000e\000r\000v\000i\000c\000e\000.\000N\000o\000n\000P\000e\000r\000i\000o\000d\000i\000c\000T\000a\000s\000k\000S\000e\000r\000v\000i\000c\000e}{chapter.3}% 99
\BOOKMARK [2][-]{subsection.3.28.1}{\376\377\0003\000.\0002\0008\000.\0001\000\040\000D\000e\000s\000c\000r\000i\000p\000c\000i\000\363\000n\000\040\000d\000e\000t\000a\000l\000l\000a\000d\000a}{section.3.28}% 100
\BOOKMARK [2][-]{subsection.3.28.2}{\376\377\0003\000.\0002\0008\000.\0002\000\040\000D\000o\000c\000u\000m\000e\000n\000t\000a\000c\000i\000\363\000n\000\040\000d\000e\000l\000\040\000c\000o\000n\000s\000t\000r\000u\000c\000t\000o\000r\000\040\000y\000\040\000d\000e\000s\000t\000r\000u\000c\000t\000o\000r}{section.3.28}% 101
\BOOKMARK [3][-]{subsubsection.3.28.2.1}{\376\377\0003\000.\0002\0008\000.\0002\000.\0001\000\040\000N\000o\000n\000P\000e\000r\000i\000o\000d\000i\000c\000T\000a\000s\000k\000S\000e\000r\000v\000i\000c\000e\000\050\000\051}{subsection.3.28.2}% 102
\BOOKMARK [2][-]{subsection.3.28.3}{\376\377\0003\000.\0002\0008\000.\0003\000\040\000D\000o\000c\000u\000m\000e\000n\000t\000a\000c\000i\000\363\000n\000\040\000d\000e\000\040\000l\000a\000s\000\040\000f\000u\000n\000c\000i\000o\000n\000e\000s\000\040\000m\000i\000e\000m\000b\000r\000o}{section.3.28}% 103
\BOOKMARK [3][-]{subsubsection.3.28.3.1}{\376\377\0003\000.\0002\0008\000.\0003\000.\0001\000\040\000d\000e\000l\000e\000t\000e\000N\000o\000n\000P\000e\000r\000i\000o\000d\000i\000c\000T\000a\000s\000k\000\050\000\051}{subsection.3.28.3}% 104
\BOOKMARK [3][-]{subsubsection.3.28.3.2}{\376\377\0003\000.\0002\0008\000.\0003\000.\0002\000\040\000g\000e\000t\000A\000l\000l\000N\000o\000n\000P\000e\000r\000i\000o\000d\000i\000c\000T\000a\000s\000k\000\050\000\051}{subsection.3.28.3}% 105
\BOOKMARK [3][-]{subsubsection.3.28.3.3}{\376\377\0003\000.\0002\0008\000.\0003\000.\0003\000\040\000g\000e\000t\000B\000y\000I\000d\000\050\000\051}{subsection.3.28.3}% 106
\BOOKMARK [3][-]{subsubsection.3.28.3.4}{\376\377\0003\000.\0002\0008\000.\0003\000.\0004\000\040\000g\000e\000t\000B\000y\000N\000a\000m\000e\000\050\000\051}{subsection.3.28.3}% 107
\BOOKMARK [3][-]{subsubsection.3.28.3.5}{\376\377\0003\000.\0002\0008\000.\0003\000.\0005\000\040\000s\000a\000v\000e\000N\000o\000n\000P\000e\000r\000i\000o\000d\000i\000c\000T\000a\000s\000k\000\050\000\051}{subsection.3.28.3}% 108
\BOOKMARK [3][-]{subsubsection.3.28.3.6}{\376\377\0003\000.\0002\0008\000.\0003\000.\0006\000\040\000u\000p\000d\000a\000t\000e\000N\000o\000n\000P\000e\000r\000i\000o\000d\000i\000c\000T\000a\000s\000k\000\050\000\051}{subsection.3.28.3}% 109
\BOOKMARK [1][-]{section.3.29}{\376\377\0003\000.\0002\0009\000\040\000R\000e\000f\000e\000r\000e\000n\000c\000i\000a\000\040\000d\000e\000\040\000l\000a\000\040\000C\000l\000a\000s\000e\000\040\000e\000d\000u\000.\000a\000p\000p\000.\000s\000e\000r\000v\000e\000r\000.\000s\000e\000r\000v\000i\000c\000e\000.\000N\000o\000n\000P\000e\000r\000i\000o\000d\000i\000c\000T\000a\000s\000k\000S\000e\000r\000v\000i\000c\000e\000T\000e\000s\000t}{chapter.3}% 110
\BOOKMARK [1][-]{section.3.30}{\376\377\0003\000.\0003\0000\000\040\000R\000e\000f\000e\000r\000e\000n\000c\000i\000a\000\040\000d\000e\000\040\000l\000a\000\040\000C\000l\000a\000s\000e\000\040\000e\000d\000u\000.\000a\000p\000p\000.\000s\000e\000r\000v\000e\000r\000.\000m\000o\000d\000e\000l\000.\000N\000o\000n\000P\000e\000r\000i\000o\000d\000i\000c\000T\000a\000s\000k\000T\000e\000s\000t}{chapter.3}% 111
\BOOKMARK [1][-]{section.3.31}{\376\377\0003\000.\0003\0001\000\040\000R\000e\000f\000e\000r\000e\000n\000c\000i\000a\000\040\000d\000e\000\040\000l\000a\000\040\000C\000l\000a\000s\000e\000\040\000e\000d\000u\000.\000a\000p\000p\000.\000s\000e\000r\000v\000e\000r\000.\000m\000o\000d\000e\000l\000.\000P\000e\000r\000i\000o\000d\000i\000c\000i\000t\000y}{chapter.3}% 112
\BOOKMARK [2][-]{subsection.3.31.1}{\376\377\0003\000.\0003\0001\000.\0001\000\040\000D\000e\000s\000c\000r\000i\000p\000c\000i\000\363\000n\000\040\000d\000e\000t\000a\000l\000l\000a\000d\000a}{section.3.31}% 113
\BOOKMARK [1][-]{section.3.32}{\376\377\0003\000.\0003\0002\000\040\000R\000e\000f\000e\000r\000e\000n\000c\000i\000a\000\040\000d\000e\000\040\000l\000a\000\040\000I\000n\000t\000e\000r\000f\000a\000z\000\040\000e\000d\000u\000.\000a\000p\000p\000.\000s\000e\000r\000v\000e\000r\000.\000r\000e\000p\000o\000s\000i\000t\000o\000r\000y\000.\000P\000e\000r\000i\000o\000d\000i\000c\000i\000t\000y\000R\000e\000p\000o\000s\000i\000t\000o\000r\000y}{chapter.3}% 114
\BOOKMARK [2][-]{subsection.3.32.1}{\376\377\0003\000.\0003\0002\000.\0001\000\040\000D\000e\000s\000c\000r\000i\000p\000c\000i\000\363\000n\000\040\000d\000e\000t\000a\000l\000l\000a\000d\000a}{section.3.32}% 115
\BOOKMARK [1][-]{section.3.33}{\376\377\0003\000.\0003\0003\000\040\000R\000e\000f\000e\000r\000e\000n\000c\000i\000a\000\040\000d\000e\000\040\000l\000a\000\040\000C\000l\000a\000s\000e\000\040\000e\000d\000u\000.\000a\000p\000p\000.\000s\000e\000r\000v\000e\000r\000.\000c\000o\000n\000t\000r\000o\000l\000l\000e\000r\000.\000P\000e\000r\000i\000o\000d\000i\000c\000i\000t\000y\000R\000e\000s\000t\000C\000o\000n\000t\000r\000o\000l\000l\000e\000r}{chapter.3}% 116
\BOOKMARK [2][-]{subsection.3.33.1}{\376\377\0003\000.\0003\0003\000.\0001\000\040\000D\000e\000s\000c\000r\000i\000p\000c\000i\000\363\000n\000\040\000d\000e\000t\000a\000l\000l\000a\000d\000a}{section.3.33}% 117
\BOOKMARK [2][-]{subsection.3.33.2}{\376\377\0003\000.\0003\0003\000.\0002\000\040\000D\000o\000c\000u\000m\000e\000n\000t\000a\000c\000i\000\363\000n\000\040\000d\000e\000l\000\040\000c\000o\000n\000s\000t\000r\000u\000c\000t\000o\000r\000\040\000y\000\040\000d\000e\000s\000t\000r\000u\000c\000t\000o\000r}{section.3.33}% 118
\BOOKMARK [3][-]{subsubsection.3.33.2.1}{\376\377\0003\000.\0003\0003\000.\0002\000.\0001\000\040\000P\000e\000r\000i\000o\000d\000i\000c\000i\000t\000y\000R\000e\000s\000t\000C\000o\000n\000t\000r\000o\000l\000l\000e\000r\000\050\000\051}{subsection.3.33.2}% 119
\BOOKMARK [2][-]{subsection.3.33.3}{\376\377\0003\000.\0003\0003\000.\0003\000\040\000D\000o\000c\000u\000m\000e\000n\000t\000a\000c\000i\000\363\000n\000\040\000d\000e\000\040\000l\000a\000s\000\040\000f\000u\000n\000c\000i\000o\000n\000e\000s\000\040\000m\000i\000e\000m\000b\000r\000o}{section.3.33}% 120
\BOOKMARK [3][-]{subsubsection.3.33.3.1}{\376\377\0003\000.\0003\0003\000.\0003\000.\0001\000\040\000d\000e\000l\000e\000t\000e\000O\000n\000e\000\050\000\051}{subsection.3.33.3}% 121
\BOOKMARK [3][-]{subsubsection.3.33.3.2}{\376\377\0003\000.\0003\0003\000.\0003\000.\0002\000\040\000f\000i\000n\000d\000A\000l\000l\000\050\000\051}{subsection.3.33.3}% 122
\BOOKMARK [3][-]{subsubsection.3.33.3.3}{\376\377\0003\000.\0003\0003\000.\0003\000.\0003\000\040\000f\000i\000n\000d\000O\000n\000e\000\050\000\051}{subsection.3.33.3}% 123
\BOOKMARK [3][-]{subsubsection.3.33.3.4}{\376\377\0003\000.\0003\0003\000.\0003\000.\0004\000\040\000n\000e\000w\000P\000e\000r\000i\000o\000d\000i\000c\000i\000t\000y\000\050\000\051}{subsection.3.33.3}% 124
\BOOKMARK [1][-]{section.3.34}{\376\377\0003\000.\0003\0004\000\040\000R\000e\000f\000e\000r\000e\000n\000c\000i\000a\000\040\000d\000e\000\040\000l\000a\000\040\000C\000l\000a\000s\000e\000\040\000e\000d\000u\000.\000a\000p\000p\000.\000s\000e\000r\000v\000e\000r\000.\000c\000o\000n\000t\000r\000o\000l\000l\000e\000r\000.\000P\000e\000r\000i\000o\000d\000i\000c\000i\000t\000y\000R\000e\000s\000t\000C\000o\000n\000t\000r\000o\000l\000l\000e\000r\000T\000e\000s\000t}{chapter.3}% 125
\BOOKMARK [1][-]{section.3.35}{\376\377\0003\000.\0003\0005\000\040\000R\000e\000f\000e\000r\000e\000n\000c\000i\000a\000\040\000d\000e\000\040\000l\000a\000\040\000C\000l\000a\000s\000e\000\040\000e\000d\000u\000.\000a\000p\000p\000.\000s\000e\000r\000v\000e\000r\000.\000s\000e\000r\000v\000i\000c\000e\000.\000P\000e\000r\000i\000o\000d\000i\000c\000i\000t\000y\000S\000e\000r\000v\000i\000c\000e}{chapter.3}% 126
\BOOKMARK [2][-]{subsection.3.35.1}{\376\377\0003\000.\0003\0005\000.\0001\000\040\000D\000e\000s\000c\000r\000i\000p\000c\000i\000\363\000n\000\040\000d\000e\000t\000a\000l\000l\000a\000d\000a}{section.3.35}% 127
\BOOKMARK [2][-]{subsection.3.35.2}{\376\377\0003\000.\0003\0005\000.\0002\000\040\000D\000o\000c\000u\000m\000e\000n\000t\000a\000c\000i\000\363\000n\000\040\000d\000e\000l\000\040\000c\000o\000n\000s\000t\000r\000u\000c\000t\000o\000r\000\040\000y\000\040\000d\000e\000s\000t\000r\000u\000c\000t\000o\000r}{section.3.35}% 128
\BOOKMARK [3][-]{subsubsection.3.35.2.1}{\376\377\0003\000.\0003\0005\000.\0002\000.\0001\000\040\000P\000e\000r\000i\000o\000d\000i\000c\000i\000t\000y\000S\000e\000r\000v\000i\000c\000e\000\050\000\051}{subsection.3.35.2}% 129
\BOOKMARK [2][-]{subsection.3.35.3}{\376\377\0003\000.\0003\0005\000.\0003\000\040\000D\000o\000c\000u\000m\000e\000n\000t\000a\000c\000i\000\363\000n\000\040\000d\000e\000\040\000l\000a\000s\000\040\000f\000u\000n\000c\000i\000o\000n\000e\000s\000\040\000m\000i\000e\000m\000b\000r\000o}{section.3.35}% 130
\BOOKMARK [3][-]{subsubsection.3.35.3.1}{\376\377\0003\000.\0003\0005\000.\0003\000.\0001\000\040\000d\000e\000l\000e\000t\000e\000P\000e\000r\000i\000o\000d\000i\000c\000i\000t\000y\000\050\000\051}{subsection.3.35.3}% 131
\BOOKMARK [3][-]{subsubsection.3.35.3.2}{\376\377\0003\000.\0003\0005\000.\0003\000.\0002\000\040\000g\000e\000t\000A\000l\000l\000P\000e\000r\000i\000o\000d\000i\000c\000i\000t\000y\000\050\000\051}{subsection.3.35.3}% 132
\BOOKMARK [3][-]{subsubsection.3.35.3.3}{\376\377\0003\000.\0003\0005\000.\0003\000.\0003\000\040\000g\000e\000t\000B\000y\000I\000d\000\050\000\051}{subsection.3.35.3}% 133
\BOOKMARK [3][-]{subsubsection.3.35.3.4}{\376\377\0003\000.\0003\0005\000.\0003\000.\0004\000\040\000s\000a\000v\000e\000P\000e\000r\000i\000o\000d\000i\000c\000i\000t\000y\000\050\000\051}{subsection.3.35.3}% 134
\BOOKMARK [3][-]{subsubsection.3.35.3.5}{\376\377\0003\000.\0003\0005\000.\0003\000.\0005\000\040\000u\000p\000d\000a\000t\000e\000P\000e\000r\000i\000o\000d\000i\000c\000i\000t\000y\000\050\000\051}{subsection.3.35.3}% 135
\BOOKMARK [1][-]{section.3.36}{\376\377\0003\000.\0003\0006\000\040\000R\000e\000f\000e\000r\000e\000n\000c\000i\000a\000\040\000d\000e\000l\000\040\000e\000n\000u\000m\000\040\000e\000d\000u\000.\000a\000p\000p\000.\000s\000e\000r\000v\000e\000r\000.\000m\000o\000d\000e\000l\000.\000P\000e\000r\000i\000o\000d\000i\000c\000i\000t\000y\000T\000y\000p\000e}{chapter.3}% 136
\BOOKMARK [2][-]{subsection.3.36.1}{\376\377\0003\000.\0003\0006\000.\0001\000\040\000D\000e\000s\000c\000r\000i\000p\000c\000i\000\363\000n\000\040\000d\000e\000t\000a\000l\000l\000a\000d\000a}{section.3.36}% 137
\BOOKMARK [2][-]{subsection.3.36.2}{\376\377\0003\000.\0003\0006\000.\0002\000\040\000D\000o\000c\000u\000m\000e\000n\000t\000a\000c\000i\000\363\000n\000\040\000d\000e\000\040\000l\000o\000s\000\040\000d\000a\000t\000o\000s\000\040\000m\000i\000e\000m\000b\000r\000o}{section.3.36}% 138
\BOOKMARK [3][-]{subsubsection.3.36.2.1}{\376\377\0003\000.\0003\0006\000.\0002\000.\0001\000\040\000D\000A\000Y}{subsection.3.36.2}% 139
\BOOKMARK [3][-]{subsubsection.3.36.2.2}{\376\377\0003\000.\0003\0006\000.\0002\000.\0002\000\040\000M\000O\000N\000T\000H}{subsection.3.36.2}% 140
\BOOKMARK [3][-]{subsubsection.3.36.2.3}{\376\377\0003\000.\0003\0006\000.\0002\000.\0003\000\040\000W\000E\000E\000K}{subsection.3.36.2}% 141
\BOOKMARK [3][-]{subsubsection.3.36.2.4}{\376\377\0003\000.\0003\0006\000.\0002\000.\0004\000\040\000Y\000E\000A\000R}{subsection.3.36.2}% 142
\BOOKMARK [1][-]{section.3.37}{\376\377\0003\000.\0003\0007\000\040\000R\000e\000f\000e\000r\000e\000n\000c\000i\000a\000\040\000d\000e\000\040\000l\000a\000\040\000C\000l\000a\000s\000e\000\040\000e\000d\000u\000.\000a\000p\000p\000.\000s\000e\000r\000v\000e\000r\000.\000m\000o\000d\000e\000l\000.\000P\000e\000r\000i\000o\000d\000i\000c\000T\000a\000s\000k}{chapter.3}% 143
\BOOKMARK [2][-]{subsection.3.37.1}{\376\377\0003\000.\0003\0007\000.\0001\000\040\000D\000e\000s\000c\000r\000i\000p\000c\000i\000\363\000n\000\040\000d\000e\000t\000a\000l\000l\000a\000d\000a}{section.3.37}% 144
\BOOKMARK [1][-]{section.3.38}{\376\377\0003\000.\0003\0008\000\040\000R\000e\000f\000e\000r\000e\000n\000c\000i\000a\000\040\000d\000e\000\040\000l\000a\000\040\000I\000n\000t\000e\000r\000f\000a\000z\000\040\000e\000d\000u\000.\000a\000p\000p\000.\000s\000e\000r\000v\000e\000r\000.\000r\000e\000p\000o\000s\000i\000t\000o\000r\000y\000.\000P\000e\000r\000i\000o\000d\000i\000c\000T\000a\000s\000k\000R\000e\000p\000o\000s\000i\000t\000o\000r\000y}{chapter.3}% 145
\BOOKMARK [2][-]{subsection.3.38.1}{\376\377\0003\000.\0003\0008\000.\0001\000\040\000D\000e\000s\000c\000r\000i\000p\000c\000i\000\363\000n\000\040\000d\000e\000t\000a\000l\000l\000a\000d\000a}{section.3.38}% 146
\BOOKMARK [2][-]{subsection.3.38.2}{\376\377\0003\000.\0003\0008\000.\0002\000\040\000D\000o\000c\000u\000m\000e\000n\000t\000a\000c\000i\000\363\000n\000\040\000d\000e\000\040\000l\000a\000s\000\040\000f\000u\000n\000c\000i\000o\000n\000e\000s\000\040\000m\000i\000e\000m\000b\000r\000o}{section.3.38}% 147
\BOOKMARK [3][-]{subsubsection.3.38.2.1}{\376\377\0003\000.\0003\0008\000.\0002\000.\0001\000\040\000f\000i\000n\000d\000B\000y\000N\000a\000m\000e\000\050\000\051}{subsection.3.38.2}% 148
\BOOKMARK [3][-]{subsubsection.3.38.2.2}{\376\377\0003\000.\0003\0008\000.\0002\000.\0002\000\040\000g\000e\000t\000B\000y\000I\000d\000\050\000\051}{subsection.3.38.2}% 149
\BOOKMARK [1][-]{section.3.39}{\376\377\0003\000.\0003\0009\000\040\000R\000e\000f\000e\000r\000e\000n\000c\000i\000a\000\040\000d\000e\000\040\000l\000a\000\040\000C\000l\000a\000s\000e\000\040\000e\000d\000u\000.\000a\000p\000p\000.\000s\000e\000r\000v\000e\000r\000.\000r\000e\000p\000o\000s\000i\000t\000o\000r\000y\000.\000P\000e\000r\000i\000o\000d\000i\000c\000T\000a\000s\000k\000R\000e\000p\000o\000s\000i\000t\000o\000r\000y\000T\000e\000s\000t}{chapter.3}% 150
\BOOKMARK [1][-]{section.3.40}{\376\377\0003\000.\0004\0000\000\040\000R\000e\000f\000e\000r\000e\000n\000c\000i\000a\000\040\000d\000e\000\040\000l\000a\000\040\000C\000l\000a\000s\000e\000\040\000e\000d\000u\000.\000a\000p\000p\000.\000s\000e\000r\000v\000e\000r\000.\000c\000o\000n\000t\000r\000o\000l\000l\000e\000r\000.\000P\000e\000r\000i\000o\000d\000i\000c\000T\000a\000s\000k\000R\000e\000s\000t\000C\000o\000n\000t\000r\000o\000l\000l\000e\000r}{chapter.3}% 151
\BOOKMARK [2][-]{subsection.3.40.1}{\376\377\0003\000.\0004\0000\000.\0001\000\040\000D\000e\000s\000c\000r\000i\000p\000c\000i\000\363\000n\000\040\000d\000e\000t\000a\000l\000l\000a\000d\000a}{section.3.40}% 152
\BOOKMARK [2][-]{subsection.3.40.2}{\376\377\0003\000.\0004\0000\000.\0002\000\040\000D\000o\000c\000u\000m\000e\000n\000t\000a\000c\000i\000\363\000n\000\040\000d\000e\000l\000\040\000c\000o\000n\000s\000t\000r\000u\000c\000t\000o\000r\000\040\000y\000\040\000d\000e\000s\000t\000r\000u\000c\000t\000o\000r}{section.3.40}% 153
\BOOKMARK [3][-]{subsubsection.3.40.2.1}{\376\377\0003\000.\0004\0000\000.\0002\000.\0001\000\040\000P\000e\000r\000i\000o\000d\000i\000c\000T\000a\000s\000k\000R\000e\000s\000t\000C\000o\000n\000t\000r\000o\000l\000l\000e\000r\000\050\000\051}{subsection.3.40.2}% 154
\BOOKMARK [2][-]{subsection.3.40.3}{\376\377\0003\000.\0004\0000\000.\0003\000\040\000D\000o\000c\000u\000m\000e\000n\000t\000a\000c\000i\000\363\000n\000\040\000d\000e\000\040\000l\000a\000s\000\040\000f\000u\000n\000c\000i\000o\000n\000e\000s\000\040\000m\000i\000e\000m\000b\000r\000o}{section.3.40}% 155
\BOOKMARK [3][-]{subsubsection.3.40.3.1}{\376\377\0003\000.\0004\0000\000.\0003\000.\0001\000\040\000d\000e\000l\000e\000t\000e\000O\000n\000e\000\050\000\051}{subsection.3.40.3}% 156
\BOOKMARK [3][-]{subsubsection.3.40.3.2}{\376\377\0003\000.\0004\0000\000.\0003\000.\0002\000\040\000f\000i\000n\000d\000A\000l\000l\000\050\000\051}{subsection.3.40.3}% 157
\BOOKMARK [3][-]{subsubsection.3.40.3.3}{\376\377\0003\000.\0004\0000\000.\0003\000.\0003\000\040\000f\000i\000n\000d\000O\000n\000e\000\050\000\051}{subsection.3.40.3}% 158
\BOOKMARK [3][-]{subsubsection.3.40.3.4}{\376\377\0003\000.\0004\0000\000.\0003\000.\0004\000\040\000n\000e\000w\000P\000e\000r\000i\000o\000d\000i\000c\000T\000a\000s\000k\000\050\000\051}{subsection.3.40.3}% 159
\BOOKMARK [1][-]{section.3.41}{\376\377\0003\000.\0004\0001\000\040\000R\000e\000f\000e\000r\000e\000n\000c\000i\000a\000\040\000d\000e\000\040\000l\000a\000\040\000C\000l\000a\000s\000e\000\040\000e\000d\000u\000.\000a\000p\000p\000.\000s\000e\000r\000v\000e\000r\000.\000c\000o\000n\000t\000r\000o\000l\000l\000e\000r\000.\000P\000e\000r\000i\000o\000d\000i\000c\000T\000a\000s\000k\000R\000e\000s\000t\000C\000o\000n\000t\000r\000o\000l\000l\000e\000r\000T\000e\000s\000t}{chapter.3}% 160
\BOOKMARK [1][-]{section.3.42}{\376\377\0003\000.\0004\0002\000\040\000R\000e\000f\000e\000r\000e\000n\000c\000i\000a\000\040\000d\000e\000\040\000l\000a\000\040\000C\000l\000a\000s\000e\000\040\000e\000d\000u\000.\000a\000p\000p\000.\000s\000e\000r\000v\000e\000r\000.\000s\000e\000r\000v\000i\000c\000e\000.\000P\000e\000r\000i\000o\000d\000i\000c\000T\000a\000s\000k\000S\000e\000r\000v\000i\000c\000e}{chapter.3}% 161
\BOOKMARK [2][-]{subsection.3.42.1}{\376\377\0003\000.\0004\0002\000.\0001\000\040\000D\000e\000s\000c\000r\000i\000p\000c\000i\000\363\000n\000\040\000d\000e\000t\000a\000l\000l\000a\000d\000a}{section.3.42}% 162
\BOOKMARK [2][-]{subsection.3.42.2}{\376\377\0003\000.\0004\0002\000.\0002\000\040\000D\000o\000c\000u\000m\000e\000n\000t\000a\000c\000i\000\363\000n\000\040\000d\000e\000l\000\040\000c\000o\000n\000s\000t\000r\000u\000c\000t\000o\000r\000\040\000y\000\040\000d\000e\000s\000t\000r\000u\000c\000t\000o\000r}{section.3.42}% 163
\BOOKMARK [3][-]{subsubsection.3.42.2.1}{\376\377\0003\000.\0004\0002\000.\0002\000.\0001\000\040\000P\000e\000r\000i\000o\000d\000i\000c\000T\000a\000s\000k\000S\000e\000r\000v\000i\000c\000e\000\050\000\051}{subsection.3.42.2}% 164
\BOOKMARK [2][-]{subsection.3.42.3}{\376\377\0003\000.\0004\0002\000.\0003\000\040\000D\000o\000c\000u\000m\000e\000n\000t\000a\000c\000i\000\363\000n\000\040\000d\000e\000\040\000l\000a\000s\000\040\000f\000u\000n\000c\000i\000o\000n\000e\000s\000\040\000m\000i\000e\000m\000b\000r\000o}{section.3.42}% 165
\BOOKMARK [3][-]{subsubsection.3.42.3.1}{\376\377\0003\000.\0004\0002\000.\0003\000.\0001\000\040\000d\000e\000l\000e\000t\000e\000P\000e\000r\000i\000o\000d\000i\000c\000T\000a\000s\000k\000\050\000\051}{subsection.3.42.3}% 166
\BOOKMARK [3][-]{subsubsection.3.42.3.2}{\376\377\0003\000.\0004\0002\000.\0003\000.\0002\000\040\000g\000e\000t\000A\000l\000l\000P\000e\000r\000i\000o\000d\000i\000c\000T\000a\000s\000k\000\050\000\051}{subsection.3.42.3}% 167
\BOOKMARK [3][-]{subsubsection.3.42.3.3}{\376\377\0003\000.\0004\0002\000.\0003\000.\0003\000\040\000g\000e\000t\000B\000y\000I\000d\000\050\000\051}{subsection.3.42.3}% 168
\BOOKMARK [3][-]{subsubsection.3.42.3.4}{\376\377\0003\000.\0004\0002\000.\0003\000.\0004\000\040\000g\000e\000t\000B\000y\000N\000a\000m\000e\000\050\000\051}{subsection.3.42.3}% 169
\BOOKMARK [3][-]{subsubsection.3.42.3.5}{\376\377\0003\000.\0004\0002\000.\0003\000.\0005\000\040\000s\000a\000v\000e\000P\000e\000r\000i\000o\000d\000i\000c\000T\000a\000s\000k\000\050\000\051}{subsection.3.42.3}% 170
\BOOKMARK [3][-]{subsubsection.3.42.3.6}{\376\377\0003\000.\0004\0002\000.\0003\000.\0006\000\040\000u\000p\000d\000a\000t\000e\000P\000e\000r\000i\000o\000d\000i\000c\000T\000a\000s\000k\000\050\000\051}{subsection.3.42.3}% 171
\BOOKMARK [1][-]{section.3.43}{\376\377\0003\000.\0004\0003\000\040\000R\000e\000f\000e\000r\000e\000n\000c\000i\000a\000\040\000d\000e\000\040\000l\000a\000\040\000C\000l\000a\000s\000e\000\040\000e\000d\000u\000.\000a\000p\000p\000.\000s\000e\000r\000v\000e\000r\000.\000s\000e\000r\000v\000i\000c\000e\000.\000P\000e\000r\000i\000o\000d\000i\000c\000T\000a\000s\000k\000S\000e\000r\000v\000i\000c\000e\000T\000e\000s\000t}{chapter.3}% 172
\BOOKMARK [1][-]{section.3.44}{\376\377\0003\000.\0004\0004\000\040\000R\000e\000f\000e\000r\000e\000n\000c\000i\000a\000\040\000d\000e\000\040\000l\000a\000\040\000C\000l\000a\000s\000e\000\040\000e\000d\000u\000.\000a\000p\000p\000.\000s\000e\000r\000v\000e\000r\000.\000m\000o\000d\000e\000l\000.\000P\000e\000r\000i\000o\000d\000i\000c\000T\000a\000s\000k\000T\000e\000s\000t}{chapter.3}% 173
\BOOKMARK [1][-]{section.3.45}{\376\377\0003\000.\0004\0005\000\040\000R\000e\000f\000e\000r\000e\000n\000c\000i\000a\000\040\000d\000e\000\040\000l\000a\000\040\000C\000l\000a\000s\000e\000\040\000e\000d\000u\000.\000a\000p\000p\000.\000s\000e\000r\000v\000e\000r\000.\000m\000o\000d\000e\000l\000.\000R\000e\000s\000o\000u\000r\000c\000e}{chapter.3}% 174
\BOOKMARK [2][-]{subsection.3.45.1}{\376\377\0003\000.\0004\0005\000.\0001\000\040\000D\000e\000s\000c\000r\000i\000p\000c\000i\000\363\000n\000\040\000d\000e\000t\000a\000l\000l\000a\000d\000a}{section.3.45}% 175
\BOOKMARK [2][-]{subsection.3.45.2}{\376\377\0003\000.\0004\0005\000.\0002\000\040\000D\000o\000c\000u\000m\000e\000n\000t\000a\000c\000i\000\363\000n\000\040\000d\000e\000l\000\040\000c\000o\000n\000s\000t\000r\000u\000c\000t\000o\000r\000\040\000y\000\040\000d\000e\000s\000t\000r\000u\000c\000t\000o\000r}{section.3.45}% 176
\BOOKMARK [3][-]{subsubsection.3.45.2.1}{\376\377\0003\000.\0004\0005\000.\0002\000.\0001\000\040\000R\000e\000s\000o\000u\000r\000c\000e\000\050\000\051}{subsection.3.45.2}% 177
\BOOKMARK [1][-]{section.3.46}{\376\377\0003\000.\0004\0006\000\040\000R\000e\000f\000e\000r\000e\000n\000c\000i\000a\000\040\000d\000e\000\040\000l\000a\000\040\000I\000n\000t\000e\000r\000f\000a\000z\000\040\000e\000d\000u\000.\000a\000p\000p\000.\000s\000e\000r\000v\000e\000r\000.\000r\000e\000p\000o\000s\000i\000t\000o\000r\000y\000.\000R\000e\000s\000o\000u\000r\000c\000e\000R\000e\000p\000o\000s\000i\000t\000o\000r\000y}{chapter.3}% 178
\BOOKMARK [2][-]{subsection.3.46.1}{\376\377\0003\000.\0004\0006\000.\0001\000\040\000D\000e\000s\000c\000r\000i\000p\000c\000i\000\363\000n\000\040\000d\000e\000t\000a\000l\000l\000a\000d\000a}{section.3.46}% 179
\BOOKMARK [2][-]{subsection.3.46.2}{\376\377\0003\000.\0004\0006\000.\0002\000\040\000D\000o\000c\000u\000m\000e\000n\000t\000a\000c\000i\000\363\000n\000\040\000d\000e\000\040\000l\000a\000s\000\040\000f\000u\000n\000c\000i\000o\000n\000e\000s\000\040\000m\000i\000e\000m\000b\000r\000o}{section.3.46}% 180
\BOOKMARK [3][-]{subsubsection.3.46.2.1}{\376\377\0003\000.\0004\0006\000.\0002\000.\0001\000\040\000f\000i\000n\000d\000B\000y\000R\000e\000s\000o\000u\000r\000c\000e\000\050\000\051}{subsection.3.46.2}% 181
\BOOKMARK [1][-]{section.3.47}{\376\377\0003\000.\0004\0007\000\040\000R\000e\000f\000e\000r\000e\000n\000c\000i\000a\000\040\000d\000e\000\040\000l\000a\000\040\000C\000l\000a\000s\000e\000\040\000e\000d\000u\000.\000a\000p\000p\000.\000s\000e\000r\000v\000e\000r\000.\000r\000e\000p\000o\000s\000i\000t\000o\000r\000y\000.\000R\000e\000s\000o\000u\000r\000c\000e\000R\000e\000p\000o\000s\000i\000t\000o\000r\000y\000T\000e\000s\000t}{chapter.3}% 182
\BOOKMARK [1][-]{section.3.48}{\376\377\0003\000.\0004\0008\000\040\000R\000e\000f\000e\000r\000e\000n\000c\000i\000a\000\040\000d\000e\000\040\000l\000a\000\040\000C\000l\000a\000s\000e\000\040\000e\000d\000u\000.\000a\000p\000p\000.\000s\000e\000r\000v\000e\000r\000.\000s\000e\000r\000v\000i\000c\000e\000.\000R\000e\000s\000o\000u\000r\000c\000e\000S\000e\000r\000v\000i\000c\000e}{chapter.3}% 183
\BOOKMARK [2][-]{subsection.3.48.1}{\376\377\0003\000.\0004\0008\000.\0001\000\040\000D\000e\000s\000c\000r\000i\000p\000c\000i\000\363\000n\000\040\000d\000e\000t\000a\000l\000l\000a\000d\000a}{section.3.48}% 184
\BOOKMARK [2][-]{subsection.3.48.2}{\376\377\0003\000.\0004\0008\000.\0002\000\040\000D\000o\000c\000u\000m\000e\000n\000t\000a\000c\000i\000\363\000n\000\040\000d\000e\000l\000\040\000c\000o\000n\000s\000t\000r\000u\000c\000t\000o\000r\000\040\000y\000\040\000d\000e\000s\000t\000r\000u\000c\000t\000o\000r}{section.3.48}% 185
\BOOKMARK [3][-]{subsubsection.3.48.2.1}{\376\377\0003\000.\0004\0008\000.\0002\000.\0001\000\040\000R\000e\000s\000o\000u\000r\000c\000e\000S\000e\000r\000v\000i\000c\000e\000\050\000\051}{subsection.3.48.2}% 186
\BOOKMARK [2][-]{subsection.3.48.3}{\376\377\0003\000.\0004\0008\000.\0003\000\040\000D\000o\000c\000u\000m\000e\000n\000t\000a\000c\000i\000\363\000n\000\040\000d\000e\000\040\000l\000a\000s\000\040\000f\000u\000n\000c\000i\000o\000n\000e\000s\000\040\000m\000i\000e\000m\000b\000r\000o}{section.3.48}% 187
\BOOKMARK [3][-]{subsubsection.3.48.3.1}{\376\377\0003\000.\0004\0008\000.\0003\000.\0001\000\040\000d\000e\000l\000e\000t\000e\000R\000e\000s\000o\000u\000r\000c\000e\000\050\000\051}{subsection.3.48.3}% 188
\BOOKMARK [3][-]{subsubsection.3.48.3.2}{\376\377\0003\000.\0004\0008\000.\0003\000.\0002\000\040\000g\000e\000t\000A\000l\000l\000R\000e\000s\000o\000u\000r\000c\000e\000s\000\050\000\051}{subsection.3.48.3}% 189
\BOOKMARK [3][-]{subsubsection.3.48.3.3}{\376\377\0003\000.\0004\0008\000.\0003\000.\0003\000\040\000g\000e\000t\000B\000y\000I\000d\000\050\000\051}{subsection.3.48.3}% 190
\BOOKMARK [3][-]{subsubsection.3.48.3.4}{\376\377\0003\000.\0004\0008\000.\0003\000.\0004\000\040\000g\000e\000t\000B\000y\000N\000a\000m\000e\000\050\000\051}{subsection.3.48.3}% 191
\BOOKMARK [3][-]{subsubsection.3.48.3.5}{\376\377\0003\000.\0004\0008\000.\0003\000.\0005\000\040\000s\000a\000v\000e\000R\000e\000s\000o\000u\000r\000c\000e\000\050\000\051}{subsection.3.48.3}% 192
\BOOKMARK [3][-]{subsubsection.3.48.3.6}{\376\377\0003\000.\0004\0008\000.\0003\000.\0006\000\040\000u\000p\000d\000a\000t\000e\000R\000e\000s\000o\000u\000r\000c\000e\000\050\000\051}{subsection.3.48.3}% 193
\BOOKMARK [1][-]{section.3.49}{\376\377\0003\000.\0004\0009\000\040\000R\000e\000f\000e\000r\000e\000n\000c\000i\000a\000\040\000d\000e\000\040\000l\000a\000\040\000C\000l\000a\000s\000e\000\040\000e\000d\000u\000.\000a\000p\000p\000.\000s\000e\000r\000v\000e\000r\000.\000s\000e\000r\000v\000i\000c\000e\000.\000R\000e\000s\000o\000u\000r\000c\000e\000S\000e\000r\000v\000i\000c\000e\000T\000e\000s\000t}{chapter.3}% 194
\BOOKMARK [1][-]{section.3.50}{\376\377\0003\000.\0005\0000\000\040\000R\000e\000f\000e\000r\000e\000n\000c\000i\000a\000\040\000d\000e\000\040\000l\000a\000\040\000C\000l\000a\000s\000e\000\040\000e\000d\000u\000.\000a\000p\000p\000.\000s\000e\000r\000v\000e\000r\000.\000m\000o\000d\000e\000l\000.\000R\000e\000s\000o\000u\000r\000c\000e\000T\000e\000s\000t}{chapter.3}% 195
\BOOKMARK [1][-]{section.3.51}{\376\377\0003\000.\0005\0001\000\040\000R\000e\000f\000e\000r\000e\000n\000c\000i\000a\000\040\000d\000e\000\040\000l\000a\000\040\000C\000l\000a\000s\000e\000\040\000e\000d\000u\000.\000a\000p\000p\000.\000s\000e\000r\000v\000e\000r\000.\000c\000o\000n\000f\000i\000g\000.\000S\000e\000c\000u\000r\000i\000t\000y\000C\000o\000n\000f\000i\000g}{chapter.3}% 196
\BOOKMARK [1][-]{section.3.52}{\376\377\0003\000.\0005\0002\000\040\000R\000e\000f\000e\000r\000e\000n\000c\000i\000a\000\040\000d\000e\000\040\000l\000a\000\040\000C\000l\000a\000s\000e\000\040\000e\000d\000u\000.\000a\000p\000p\000.\000s\000e\000r\000v\000e\000r\000.\000c\000o\000n\000f\000i\000g\000.\000S\000e\000c\000u\000r\000i\000t\000y\000D\000a\000t\000a}{chapter.3}% 197
\BOOKMARK [1][-]{section.3.53}{\376\377\0003\000.\0005\0003\000\040\000R\000e\000f\000e\000r\000e\000n\000c\000i\000a\000\040\000d\000e\000\040\000l\000a\000\040\000C\000l\000a\000s\000e\000\040\000e\000d\000u\000.\000a\000p\000p\000.\000s\000e\000r\000v\000e\000r\000.\000S\000e\000r\000v\000e\000r\000R\000e\000s\000t\000A\000p\000p\000l\000i\000c\000a\000t\000i\000o\000n}{chapter.3}% 198
\BOOKMARK [1][-]{section.3.54}{\376\377\0003\000.\0005\0004\000\040\000R\000e\000f\000e\000r\000e\000n\000c\000i\000a\000\040\000d\000e\000l\000\040\000e\000n\000u\000m\000\040\000e\000d\000u\000.\000a\000p\000p\000.\000s\000e\000r\000v\000e\000r\000.\000m\000o\000d\000e\000l\000.\000S\000t\000a\000t\000e}{chapter.3}% 199
\BOOKMARK [2][-]{subsection.3.54.1}{\376\377\0003\000.\0005\0004\000.\0001\000\040\000D\000e\000s\000c\000r\000i\000p\000c\000i\000\363\000n\000\040\000d\000e\000t\000a\000l\000l\000a\000d\000a}{section.3.54}% 200
\BOOKMARK [2][-]{subsection.3.54.2}{\376\377\0003\000.\0005\0004\000.\0002\000\040\000D\000o\000c\000u\000m\000e\000n\000t\000a\000c\000i\000\363\000n\000\040\000d\000e\000\040\000l\000o\000s\000\040\000d\000a\000t\000o\000s\000\040\000m\000i\000e\000m\000b\000r\000o}{section.3.54}% 201
\BOOKMARK [3][-]{subsubsection.3.54.2.1}{\376\377\0003\000.\0005\0004\000.\0002\000.\0001\000\040\000I\000N\000\137\000P\000R\000O\000C\000E\000S\000S}{subsection.3.54.2}% 202
\BOOKMARK [3][-]{subsubsection.3.54.2.2}{\376\377\0003\000.\0005\0004\000.\0002\000.\0002\000\040\000P\000E\000N\000D\000I\000N\000G}{subsection.3.54.2}% 203
\BOOKMARK [3][-]{subsubsection.3.54.2.3}{\376\377\0003\000.\0005\0004\000.\0002\000.\0003\000\040\000S\000U\000S\000P\000E\000N\000D\000E\000D}{subsection.3.54.2}% 204
\BOOKMARK [3][-]{subsubsection.3.54.2.4}{\376\377\0003\000.\0005\0004\000.\0002\000.\0004\000\040\000T\000E\000R\000M\000I\000N\000A\000T\000E\000D}{subsection.3.54.2}% 205
\BOOKMARK [1][-]{section.3.55}{\376\377\0003\000.\0005\0005\000\040\000R\000e\000f\000e\000r\000e\000n\000c\000i\000a\000\040\000d\000e\000\040\000l\000a\000\040\000C\000l\000a\000s\000e\000\040\000e\000d\000u\000.\000a\000p\000p\000.\000s\000e\000r\000v\000e\000r\000.\000m\000o\000d\000e\000l\000.\000T\000a\000s\000k}{chapter.3}% 206
\BOOKMARK [2][-]{subsection.3.55.1}{\376\377\0003\000.\0005\0005\000.\0001\000\040\000D\000e\000s\000c\000r\000i\000p\000c\000i\000\363\000n\000\040\000d\000e\000t\000a\000l\000l\000a\000d\000a}{section.3.55}% 207
\BOOKMARK [2][-]{subsection.3.55.2}{\376\377\0003\000.\0005\0005\000.\0002\000\040\000D\000o\000c\000u\000m\000e\000n\000t\000a\000c\000i\000\363\000n\000\040\000d\000e\000l\000\040\000c\000o\000n\000s\000t\000r\000u\000c\000t\000o\000r\000\040\000y\000\040\000d\000e\000s\000t\000r\000u\000c\000t\000o\000r}{section.3.55}% 208
\BOOKMARK [3][-]{subsubsection.3.55.2.1}{\376\377\0003\000.\0005\0005\000.\0002\000.\0001\000\040\000T\000a\000s\000k\000\050\000\051}{subsection.3.55.2}% 209
\BOOKMARK [2][-]{subsection.3.55.3}{\376\377\0003\000.\0005\0005\000.\0003\000\040\000D\000o\000c\000u\000m\000e\000n\000t\000a\000c\000i\000\363\000n\000\040\000d\000e\000\040\000l\000o\000s\000\040\000d\000a\000t\000o\000s\000\040\000m\000i\000e\000m\000b\000r\000o}{section.3.55}% 210
\BOOKMARK [3][-]{subsubsection.3.55.3.1}{\376\377\0003\000.\0005\0005\000.\0003\000.\0001\000\040\000d\000e\000s\000c\000r\000i\000p\000t\000i\000o\000n}{subsection.3.55.3}% 211
\BOOKMARK [3][-]{subsubsection.3.55.3.2}{\376\377\0003\000.\0005\0005\000.\0003\000.\0002\000\040\000i\000d}{subsection.3.55.3}% 212
\BOOKMARK [3][-]{subsubsection.3.55.3.3}{\376\377\0003\000.\0005\0005\000.\0003\000.\0003\000\040\000n\000a\000m\000e}{subsection.3.55.3}% 213
\BOOKMARK [3][-]{subsubsection.3.55.3.4}{\376\377\0003\000.\0005\0005\000.\0003\000.\0004\000\040\000s\000t\000a\000t\000e}{subsection.3.55.3}% 214
\BOOKMARK [3][-]{subsubsection.3.55.3.5}{\376\377\0003\000.\0005\0005\000.\0003\000.\0005\000\040\000u\000s\000e\000r}{subsection.3.55.3}% 215
\BOOKMARK [1][-]{section.3.56}{\376\377\0003\000.\0005\0006\000\040\000R\000e\000f\000e\000r\000e\000n\000c\000i\000a\000\040\000d\000e\000\040\000l\000a\000\040\000C\000l\000a\000s\000e\000\040\000e\000d\000u\000.\000a\000p\000p\000.\000s\000e\000r\000v\000e\000r\000.\000m\000o\000d\000e\000l\000.\000T\000a\000s\000k\000T\000e\000s\000t}{chapter.3}% 216
\BOOKMARK [1][-]{section.3.57}{\376\377\0003\000.\0005\0007\000\040\000R\000e\000f\000e\000r\000e\000n\000c\000i\000a\000\040\000d\000e\000\040\000l\000a\000\040\000C\000l\000a\000s\000e\000\040\000e\000d\000u\000.\000a\000p\000p\000.\000s\000e\000r\000v\000e\000r\000.\000u\000t\000i\000l\000s\000.\000T\000o\000k\000e\000n}{chapter.3}% 217
\BOOKMARK [1][-]{section.3.58}{\376\377\0003\000.\0005\0008\000\040\000R\000e\000f\000e\000r\000e\000n\000c\000i\000a\000\040\000d\000e\000\040\000l\000a\000\040\000C\000l\000a\000s\000e\000\040\000e\000d\000u\000.\000a\000p\000p\000.\000s\000e\000r\000v\000e\000r\000.\000m\000o\000d\000e\000l\000.\000U\000s\000e\000r}{chapter.3}% 218
\BOOKMARK [2][-]{subsection.3.58.1}{\376\377\0003\000.\0005\0008\000.\0001\000\040\000D\000e\000s\000c\000r\000i\000p\000c\000i\000\363\000n\000\040\000d\000e\000t\000a\000l\000l\000a\000d\000a}{section.3.58}% 219
\BOOKMARK [2][-]{subsection.3.58.2}{\376\377\0003\000.\0005\0008\000.\0002\000\040\000D\000o\000c\000u\000m\000e\000n\000t\000a\000c\000i\000\363\000n\000\040\000d\000e\000l\000\040\000c\000o\000n\000s\000t\000r\000u\000c\000t\000o\000r\000\040\000y\000\040\000d\000e\000s\000t\000r\000u\000c\000t\000o\000r}{section.3.58}% 220
\BOOKMARK [3][-]{subsubsection.3.58.2.1}{\376\377\0003\000.\0005\0008\000.\0002\000.\0001\000\040\000U\000s\000e\000r\000\050\000\051}{subsection.3.58.2}% 221
\BOOKMARK [1][-]{section.3.59}{\376\377\0003\000.\0005\0009\000\040\000R\000e\000f\000e\000r\000e\000n\000c\000i\000a\000\040\000d\000e\000\040\000l\000a\000\040\000C\000l\000a\000s\000e\000\040\000e\000d\000u\000.\000a\000p\000p\000.\000s\000e\000r\000v\000e\000r\000.\000c\000o\000n\000f\000i\000g\000.\000U\000s\000e\000r\000D\000e\000t\000a\000i\000l\000S\000e\000r\000v\000i\000c\000e\000I\000m\000p\000l}{chapter.3}% 222
\BOOKMARK [1][-]{section.3.60}{\376\377\0003\000.\0006\0000\000\040\000R\000e\000f\000e\000r\000e\000n\000c\000i\000a\000\040\000d\000e\000\040\000l\000a\000\040\000I\000n\000t\000e\000r\000f\000a\000z\000\040\000e\000d\000u\000.\000a\000p\000p\000.\000s\000e\000r\000v\000e\000r\000.\000r\000e\000p\000o\000s\000i\000t\000o\000r\000y\000.\000U\000s\000e\000r\000R\000e\000p\000o\000s\000i\000t\000o\000r\000y}{chapter.3}% 223
\BOOKMARK [2][-]{subsection.3.60.1}{\376\377\0003\000.\0006\0000\000.\0001\000\040\000D\000e\000s\000c\000r\000i\000p\000c\000i\000\363\000n\000\040\000d\000e\000t\000a\000l\000l\000a\000d\000a}{section.3.60}% 224
\BOOKMARK [2][-]{subsection.3.60.2}{\376\377\0003\000.\0006\0000\000.\0002\000\040\000D\000o\000c\000u\000m\000e\000n\000t\000a\000c\000i\000\363\000n\000\040\000d\000e\000\040\000l\000a\000s\000\040\000f\000u\000n\000c\000i\000o\000n\000e\000s\000\040\000m\000i\000e\000m\000b\000r\000o}{section.3.60}% 225
\BOOKMARK [3][-]{subsubsection.3.60.2.1}{\376\377\0003\000.\0006\0000\000.\0002\000.\0001\000\040\000f\000i\000n\000d\000B\000y\000U\000s\000e\000r\000n\000a\000m\000e\000\050\000\051}{subsection.3.60.2}% 226
\BOOKMARK [1][-]{section.3.61}{\376\377\0003\000.\0006\0001\000\040\000R\000e\000f\000e\000r\000e\000n\000c\000i\000a\000\040\000d\000e\000\040\000l\000a\000\040\000C\000l\000a\000s\000e\000\040\000e\000d\000u\000.\000a\000p\000p\000.\000s\000e\000r\000v\000e\000r\000.\000r\000e\000p\000o\000s\000i\000t\000o\000r\000y\000.\000U\000s\000e\000r\000R\000e\000p\000o\000s\000i\000t\000o\000r\000y\000T\000e\000s\000t}{chapter.3}% 227
\BOOKMARK [1][-]{section.3.62}{\376\377\0003\000.\0006\0002\000\040\000R\000e\000f\000e\000r\000e\000n\000c\000i\000a\000\040\000d\000e\000\040\000l\000a\000\040\000C\000l\000a\000s\000e\000\040\000e\000d\000u\000.\000a\000p\000p\000.\000s\000e\000r\000v\000e\000r\000.\000c\000o\000n\000t\000r\000o\000l\000l\000e\000r\000.\000U\000s\000e\000r\000R\000e\000s\000t\000C\000o\000n\000t\000r\000o\000l\000l\000e\000r}{chapter.3}% 228
\BOOKMARK [2][-]{subsection.3.62.1}{\376\377\0003\000.\0006\0002\000.\0001\000\040\000D\000e\000s\000c\000r\000i\000p\000c\000i\000\363\000n\000\040\000d\000e\000t\000a\000l\000l\000a\000d\000a}{section.3.62}% 229
\BOOKMARK [2][-]{subsection.3.62.2}{\376\377\0003\000.\0006\0002\000.\0002\000\040\000D\000o\000c\000u\000m\000e\000n\000t\000a\000c\000i\000\363\000n\000\040\000d\000e\000l\000\040\000c\000o\000n\000s\000t\000r\000u\000c\000t\000o\000r\000\040\000y\000\040\000d\000e\000s\000t\000r\000u\000c\000t\000o\000r}{section.3.62}% 230
\BOOKMARK [3][-]{subsubsection.3.62.2.1}{\376\377\0003\000.\0006\0002\000.\0002\000.\0001\000\040\000U\000s\000e\000r\000R\000e\000s\000t\000C\000o\000n\000t\000r\000o\000l\000l\000e\000r\000\050\000\051}{subsection.3.62.2}% 231
\BOOKMARK [2][-]{subsection.3.62.3}{\376\377\0003\000.\0006\0002\000.\0003\000\040\000D\000o\000c\000u\000m\000e\000n\000t\000a\000c\000i\000\363\000n\000\040\000d\000e\000\040\000l\000a\000s\000\040\000f\000u\000n\000c\000i\000o\000n\000e\000s\000\040\000m\000i\000e\000m\000b\000r\000o}{section.3.62}% 232
\BOOKMARK [3][-]{subsubsection.3.62.3.1}{\376\377\0003\000.\0006\0002\000.\0003\000.\0001\000\040\000a\000d\000d\000U\000s\000e\000r\000\050\000\051}{subsection.3.62.3}% 233
\BOOKMARK [3][-]{subsubsection.3.62.3.2}{\376\377\0003\000.\0006\0002\000.\0003\000.\0002\000\040\000d\000e\000l\000e\000t\000e\000O\000n\000e\000\050\000\051}{subsection.3.62.3}% 234
\BOOKMARK [3][-]{subsubsection.3.62.3.3}{\376\377\0003\000.\0006\0002\000.\0003\000.\0003\000\040\000f\000i\000n\000d\000A\000l\000l\000\050\000\051}{subsection.3.62.3}% 235
\BOOKMARK [1][-]{section.3.63}{\376\377\0003\000.\0006\0003\000\040\000R\000e\000f\000e\000r\000e\000n\000c\000i\000a\000\040\000d\000e\000\040\000l\000a\000\040\000C\000l\000a\000s\000e\000\040\000e\000d\000u\000.\000a\000p\000p\000.\000s\000e\000r\000v\000e\000r\000.\000c\000o\000n\000t\000r\000o\000l\000l\000e\000r\000.\000U\000s\000e\000r\000R\000e\000s\000t\000C\000o\000n\000t\000r\000o\000l\000l\000e\000r\000T\000e\000s\000t}{chapter.3}% 236
\BOOKMARK [1][-]{section.3.64}{\376\377\0003\000.\0006\0004\000\040\000R\000e\000f\000e\000r\000e\000n\000c\000i\000a\000\040\000d\000e\000\040\000l\000a\000\040\000C\000l\000a\000s\000e\000\040\000e\000d\000u\000.\000a\000p\000p\000.\000s\000e\000r\000v\000e\000r\000.\000s\000e\000r\000v\000i\000c\000e\000.\000U\000s\000e\000r\000S\000e\000r\000v\000i\000c\000e}{chapter.3}% 237
\BOOKMARK [2][-]{subsection.3.64.1}{\376\377\0003\000.\0006\0004\000.\0001\000\040\000D\000e\000s\000c\000r\000i\000p\000c\000i\000\363\000n\000\040\000d\000e\000t\000a\000l\000l\000a\000d\000a}{section.3.64}% 238
\BOOKMARK [2][-]{subsection.3.64.2}{\376\377\0003\000.\0006\0004\000.\0002\000\040\000D\000o\000c\000u\000m\000e\000n\000t\000a\000c\000i\000\363\000n\000\040\000d\000e\000l\000\040\000c\000o\000n\000s\000t\000r\000u\000c\000t\000o\000r\000\040\000y\000\040\000d\000e\000s\000t\000r\000u\000c\000t\000o\000r}{section.3.64}% 239
\BOOKMARK [3][-]{subsubsection.3.64.2.1}{\376\377\0003\000.\0006\0004\000.\0002\000.\0001\000\040\000U\000s\000e\000r\000S\000e\000r\000v\000i\000c\000e\000\050\000\051}{subsection.3.64.2}% 240
\BOOKMARK [2][-]{subsection.3.64.3}{\376\377\0003\000.\0006\0004\000.\0003\000\040\000D\000o\000c\000u\000m\000e\000n\000t\000a\000c\000i\000\363\000n\000\040\000d\000e\000\040\000l\000a\000s\000\040\000f\000u\000n\000c\000i\000o\000n\000e\000s\000\040\000m\000i\000e\000m\000b\000r\000o}{section.3.64}% 241
\BOOKMARK [3][-]{subsubsection.3.64.3.1}{\376\377\0003\000.\0006\0004\000.\0003\000.\0001\000\040\000d\000e\000l\000e\000t\000e\000U\000s\000e\000r\000\050\000\051}{subsection.3.64.3}% 242
\BOOKMARK [3][-]{subsubsection.3.64.3.2}{\376\377\0003\000.\0006\0004\000.\0003\000.\0002\000\040\000g\000e\000t\000A\000l\000l\000U\000s\000e\000r\000s\000\050\000\051}{subsection.3.64.3}% 243
\BOOKMARK [3][-]{subsubsection.3.64.3.3}{\376\377\0003\000.\0006\0004\000.\0003\000.\0003\000\040\000g\000e\000t\000B\000y\000I\000d\000\050\000\051}{subsection.3.64.3}% 244
\BOOKMARK [3][-]{subsubsection.3.64.3.4}{\376\377\0003\000.\0006\0004\000.\0003\000.\0004\000\040\000g\000e\000t\000B\000y\000U\000s\000e\000r\000n\000a\000m\000e\000\050\000\051}{subsection.3.64.3}% 245
\BOOKMARK [3][-]{subsubsection.3.64.3.5}{\376\377\0003\000.\0006\0004\000.\0003\000.\0005\000\040\000s\000a\000v\000e\000U\000s\000e\000r\000\050\000\051}{subsection.3.64.3}% 246
\BOOKMARK [3][-]{subsubsection.3.64.3.6}{\376\377\0003\000.\0006\0004\000.\0003\000.\0006\000\040\000u\000p\000d\000a\000t\000e\000U\000s\000e\000r\000\050\000\051}{subsection.3.64.3}% 247
\BOOKMARK [1][-]{section.3.65}{\376\377\0003\000.\0006\0005\000\040\000R\000e\000f\000e\000r\000e\000n\000c\000i\000a\000\040\000d\000e\000\040\000l\000a\000\040\000C\000l\000a\000s\000e\000\040\000e\000d\000u\000.\000a\000p\000p\000.\000s\000e\000r\000v\000e\000r\000.\000s\000e\000r\000v\000i\000c\000e\000.\000U\000s\000e\000r\000S\000e\000r\000v\000i\000c\000e\000T\000e\000s\000t}{chapter.3}% 248
\BOOKMARK [1][-]{section.3.66}{\376\377\0003\000.\0006\0006\000\040\000R\000e\000f\000e\000r\000e\000n\000c\000i\000a\000\040\000d\000e\000\040\000l\000a\000\040\000C\000l\000a\000s\000e\000\040\000e\000d\000u\000.\000a\000p\000p\000.\000s\000e\000r\000v\000e\000r\000.\000m\000o\000d\000e\000l\000.\000U\000s\000e\000r\000T\000e\000s\000t}{chapter.3}% 249
\BOOKMARK [1][-]{section.3.67}{\376\377\0003\000.\0006\0007\000\040\000R\000e\000f\000e\000r\000e\000n\000c\000i\000a\000\040\000d\000e\000\040\000l\000a\000\040\000C\000l\000a\000s\000e\000\040\000e\000d\000u\000.\000a\000p\000p\000.\000s\000e\000r\000v\000e\000r\000.\000c\000o\000n\000f\000i\000g\000.\000V\000a\000l\000i\000d\000a\000t\000i\000o\000n\000M\000e\000s\000s\000a\000g\000e}{chapter.3}% 250
\BOOKMARK [0][-]{section*.71}{\376\377\000\315\000n\000d\000i\000c\000e\000\040\000a\000l\000f\000a\000b\000\351\000t\000i\000c\000o}{}% 251
